# JRE version: Java(TM) SE Runtime Environment (7.0_45-b18) (build 1.7.0_45-b18)
# Java VM: Java HotSpot(TM) 64-Bit Server VM (24.45-b08 mixed mode windows-amd64 compressed oops)
Heap
 PSYoungGen      total 18944K, used 11857K [0x00000000eb480000, 0x00000000ed880000, 0x0000000100000000)
  eden space 16384K, 56% used [0x00000000eb480000,0x00000000ebd95008,0x00000000ec480000)
  from space 2560K, 99% used [0x00000000ec480000,0x00000000ec6ff540,0x00000000ec700000)
  to   space 10240K, 0% used [0x00000000ece80000,0x00000000ece80000,0x00000000ed880000)
 ParOldGen       total 41984K, used 26230K [0x00000000c1e00000, 0x00000000c4700000, 0x00000000eb480000)
  object space 41984K, 62% used [0x00000000c1e00000,0x00000000c379db98,0x00000000c4700000)
 PSPermGen       total 21504K, used 20285K [0x00000000bcc00000, 0x00000000be100000, 0x00000000c1e00000)
  object space 21504K, 94% used [0x00000000bcc00000,0x00000000bdfcf608,0x00000000be100000)
GC Heap History (10 events):
Event: 16.608 GC heap before
{Heap before GC invocations=1 (full 0):
 PSYoungGen      total 18944K, used 16384K [0x00000000eb480000, 0x00000000ec980000, 0x0000000100000000)
  eden space 16384K, 100% used [0x00000000eb480000,0x00000000ec480000,0x00000000ec480000)
  from space 2560K, 0% used [0x00000000ec700000,0x00000000ec700000,0x00000000ec980000)
  to   space 2560K, 0% used [0x00000000ec480000,0x00000000ec480000,0x00000000ec700000)
 ParOldGen       total 41984K, used 0K [0x00000000c1e00000, 0x00000000c4700000, 0x00000000eb480000)
  object space 41984K, 0% used [0x00000000c1e00000,0x00000000c1e00000,0x00000000c4700000)
 PSPermGen       total 21504K, used 16232K [0x00000000bcc00000, 0x00000000be100000, 0x00000000c1e00000)
  object space 21504K, 75% used [0x00000000bcc00000,0x00000000bdbda0b8,0x00000000be100000)
Event: 16.636 GC heap after
Heap after GC invocations=1 (full 0):
 PSYoungGen      total 18944K, used 2533K [0x00000000eb480000, 0x00000000ec980000, 0x0000000100000000)
  eden space 16384K, 0% used [0x00000000eb480000,0x00000000eb480000,0x00000000ec480000)
  from space 2560K, 98% used [0x00000000ec480000,0x00000000ec6f9430,0x00000000ec700000)
  to   space 2560K, 0% used [0x00000000ec700000,0x00000000ec700000,0x00000000ec980000)
 ParOldGen       total 41984K, used 3775K [0x00000000c1e00000, 0x00000000c4700000, 0x00000000eb480000)
  object space 41984K, 8% used [0x00000000c1e00000,0x00000000c21afcc0,0x00000000c4700000)
 PSPermGen       total 21504K, used 16232K [0x00000000bcc00000, 0x00000000be100000, 0x00000000c1e00000)
  object space 21504K, 75% used [0x00000000bcc00000,0x00000000bdbda0b8,0x00000000be100000)
}
Event: 20.269 GC heap before
{Heap before GC invocations=2 (full 0):
 PSYoungGen      total 18944K, used 17405K [0x00000000eb480000, 0x00000000ec980000, 0x0000000100000000)
  eden space 16384K, 90% used [0x00000000eb480000,0x00000000ec306068,0x00000000ec480000)
  from space 2560K, 98% used [0x00000000ec480000,0x00000000ec6f9430,0x00000000ec700000)
  to   space 2560K, 0% used [0x00000000ec700000,0x00000000ec700000,0x00000000ec980000)
 ParOldGen       total 41984K, used 3775K [0x00000000c1e00000, 0x00000000c4700000, 0x00000000eb480000)
  object space 41984K, 8% used [0x00000000c1e00000,0x00000000c21afcc0,0x00000000c4700000)
 PSPermGen       total 21504K, used 18046K [0x00000000bcc00000, 0x00000000be100000, 0x00000000c1e00000)
  object space 21504K, 83% used [0x00000000bcc00000,0x00000000bdd9f868,0x00000000be100000)
Event: 20.298 GC heap after
Heap after GC invocations=2 (full 0):
 PSYoungGen      total 18944K, used 2549K [0x00000000eb480000, 0x00000000ec980000, 0x0000000100000000)
  eden space 16384K, 0% used [0x00000000eb480000,0x00000000eb480000,0x00000000ec480000)
  from space 2560K, 99% used [0x00000000ec700000,0x00000000ec97d440,0x00000000ec980000)
  to   space 2560K, 0% used [0x00000000ec480000,0x00000000ec480000,0x00000000ec700000)
 ParOldGen       total 41984K, used 7591K [0x00000000c1e00000, 0x00000000c4700000, 0x00000000eb480000)
  object space 41984K, 18% used [0x00000000c1e00000,0x00000000c2569da8,0x00000000c4700000)
 PSPermGen       total 21504K, used 18046K [0x00000000bcc00000, 0x00000000be100000, 0x00000000c1e00000)
  object space 21504K, 83% used [0x00000000bcc00000,0x00000000bdd9f868,0x00000000be100000)
}
Event: 30.533 GC heap before
{Heap before GC invocations=3 (full 0):
 PSYoungGen      total 18944K, used 18933K [0x00000000eb480000, 0x00000000ec980000, 0x0000000100000000)
  eden space 16384K, 100% used [0x00000000eb480000,0x00000000ec480000,0x00000000ec480000)
  from space 2560K, 99% used [0x00000000ec700000,0x00000000ec97d440,0x00000000ec980000)
  to   space 2560K, 0% used [0x00000000ec480000,0x00000000ec480000,0x00000000ec700000)
 ParOldGen       total 41984K, used 7591K [0x00000000c1e00000, 0x00000000c4700000, 0x00000000eb480000)
  object space 41984K, 18% used [0x00000000c1e00000,0x00000000c2569da8,0x00000000c4700000)
 PSPermGen       total 21504K, used 19528K [0x00000000bcc00000, 0x00000000be100000, 0x00000000c1e00000)
  object space 21504K, 90% used [0x00000000bcc00000,0x00000000bdf122f0,0x00000000be100000)
Event: 30.566 GC heap after
Heap after GC invocations=3 (full 0):
 PSYoungGen      total 18944K, used 2533K [0x00000000eb480000, 0x00000000ec980000, 0x0000000100000000)
  eden space 16384K, 0% used [0x00000000eb480000,0x00000000eb480000,0x00000000ec480000)
  from space 2560K, 98% used [0x00000000ec480000,0x00000000ec6f9450,0x00000000ec700000)
  to   space 2560K, 0% used [0x00000000ec700000,0x00000000ec700000,0x00000000ec980000)
 ParOldGen       total 41984K, used 15023K [0x00000000c1e00000, 0x00000000c4700000, 0x00000000eb480000)
  object space 41984K, 35% used [0x00000000c1e00000,0x00000000c2cabd68,0x00000000c4700000)
 PSPermGen       total 21504K, used 19528K [0x00000000bcc00000, 0x00000000be100000, 0x00000000c1e00000)
  object space 21504K, 90% used [0x00000000bcc00000,0x00000000bdf122f0,0x00000000be100000)
}
Event: 50.970 GC heap before
{Heap before GC invocations=4 (full 0):
 PSYoungGen      total 18944K, used 18917K [0x00000000eb480000, 0x00000000ec980000, 0x0000000100000000)
  eden space 16384K, 100% used [0x00000000eb480000,0x00000000ec480000,0x00000000ec480000)
  from space 2560K, 98% used [0x00000000ec480000,0x00000000ec6f9450,0x00000000ec700000)
  to   space 2560K, 0% used [0x00000000ec700000,0x00000000ec700000,0x00000000ec980000)
 ParOldGen       total 41984K, used 15023K [0x00000000c1e00000, 0x00000000c4700000, 0x00000000eb480000)
  object space 41984K, 35% used [0x00000000c1e00000,0x00000000c2cabd68,0x00000000c4700000)
 PSPermGen       total 21504K, used 20213K [0x00000000bcc00000, 0x00000000be100000, 0x00000000c1e00000)
  object space 21504K, 93% used [0x00000000bcc00000,0x00000000bdfbd438,0x00000000be100000)
Event: 51.002 GC heap after
Heap after GC invocations=4 (full 0):
 PSYoungGen      total 18944K, used 2557K [0x00000000eb480000, 0x00000000ec980000, 0x0000000100000000)
  eden space 16384K, 0% used [0x00000000eb480000,0x00000000eb480000,0x00000000ec480000)
  from space 2560K, 99% used [0x00000000ec700000,0x00000000ec97f560,0x00000000ec980000)
  to   space 2560K, 0% used [0x00000000ec480000,0x00000000ec480000,0x00000000ec700000)
 ParOldGen       total 41984K, used 20492K [0x00000000c1e00000, 0x00000000c4700000, 0x00000000eb480000)
  object space 41984K, 48% used [0x00000000c1e00000,0x00000000c3203238,0x00000000c4700000)
 PSPermGen       total 21504K, used 20213K [0x00000000bcc00000, 0x00000000be100000, 0x00000000c1e00000)
  object space 21504K, 93% used [0x00000000bcc00000,0x00000000bdfbd438,0x00000000be100000)
}
Event: 84.370 GC heap before
{Heap before GC invocations=5 (full 0):
 PSYoungGen      total 18944K, used 18941K [0x00000000eb480000, 0x00000000ec980000, 0x0000000100000000)
  eden space 16384K, 100% used [0x00000000eb480000,0x00000000ec480000,0x00000000ec480000)
  from space 2560K, 99% used [0x00000000ec700000,0x00000000ec97f560,0x00000000ec980000)
  to   space 2560K, 0% used [0x00000000ec480000,0x00000000ec480000,0x00000000ec700000)
 ParOldGen       total 41984K, used 20495K [0x00000000c1e00000, 0x00000000c4700000, 0x00000000eb480000)
  object space 41984K, 48% used [0x00000000c1e00000,0x00000000c3203e00,0x00000000c4700000)
 PSPermGen       total 21504K, used 20242K [0x00000000bcc00000, 0x00000000be100000, 0x00000000c1e00000)
  object space 21504K, 94% used [0x00000000bcc00000,0x00000000bdfc4a88,0x00000000be100000)
Event: 84.392 GC heap after
Heap after GC invocations=5 (full 0):
 PSYoungGen      total 18944K, used 2557K [0x00000000eb480000, 0x00000000ed880000, 0x0000000100000000)
  eden space 16384K, 0% used [0x00000000eb480000,0x00000000eb480000,0x00000000ec480000)
  from space 2560K, 99% used [0x00000000ec480000,0x00000000ec6ff540,0x00000000ec700000)
  to   space 10240K, 0% used [0x00000000ece80000,0x00000000ece80000,0x00000000ed880000)
 ParOldGen       total 41984K, used 26230K [0x00000000c1e00000, 0x00000000c4700000, 0x00000000eb480000)
  object space 41984K, 62% used [0x00000000c1e00000,0x00000000c379db98,0x00000000c4700000)
 PSPermGen       total 21504K, used 20242K [0x00000000bcc00000, 0x00000000be100000, 0x00000000c1e00000)
  object space 21504K, 94% used [0x00000000bcc00000,0x00000000bdfc4a88,0x00000000be100000)
}

